<?xml version="1.0" encoding="UTF-8"?>
<testsuites name="Test Search By keyword" time="69.75" tests="3" failures="0" errors="0">
   <testsuite name="Test Search By keyword" tests="3" failures="0" errors="0" time="69.75" skipped="0" timestamp="16-01-2024T15:34:37" hostname="Administrator - 10.53.16.108" id="Test Suites/Test Search By keyword">
      <properties>
         <property name="deviceName" value=""/>
         <property name="devicePlatform" value=""/>
         <property name="logFolder" value="C:\\Users\\Administrator\\Katalon Studio\\My First Web UI Project\\Reports\\25670116_153427\\Test Search By keyword\\25670116_153428"/>
         <property name="logFiles" value="C:\\Users\\Administrator\\Katalon Studio\\My First Web UI Project\\Reports\\25670116_153427\\Test Search By keyword\\25670116_153428\\execution0.log"/>
         <property name="attachments" value=""/>
         <property name="hostName" value="Administrator - 10.53.16.108"/>
         <property name="os" value="Windows 10 64bit"/>
         <property name="katalonVersion" value="9.2.0.212"/>
         <property name="browser" value="Chrome 120.0.0.0"/>
         <property name="hostAddress" value="10.53.16.108"/>
         <property name="sessionId" value="6dbe462729d4e7e65448f397c7af4546"/>
         <property name="seleniumVersion" value="3.141.59"/>
         <property name="proxyInformation" value="ProxyInformation { proxyOption=NO_PROXY, proxyServerType=HTTP, username=, password=********, proxyServerAddress=, proxyServerPort=0, executionList=&quot;&quot;, isApplyToDesiredCapabilities=true }"/>
         <property name="platform" value="Windows 10"/>
      </properties>
      <testcase name="Test Cases/UC01 - Search By Keyword/TC0103 - Search By Keyword - PBRU" time="9.539" classname="Test Cases/UC01 - Search By Keyword/TC0103 - Search By Keyword - PBRU" status="PASSED">
         <system-out><![CDATA[16-01-2024T15:34:37 - [TEST_CASE][PASSED] - Test Cases/UC01 - Search By Keyword/TC0103 - Search By Keyword - PBRU: Test Cases/UC01 - Search By Keyword/TC0103 - Search By Keyword - PBRU

16-01-2024T15:34:37 - [TEST_STEP][PASSED] - openBrowser(""): Browser is opened with url: ''

16-01-2024T15:34:37 - [MESSAGE][INFO] - Starting 'Chrome' driver

16-01-2024T15:34:37 - [MESSAGE][INFO] - Action delay is set to 0 milliseconds

16-01-2024T15:34:39 - [MESSAGE][PASSED] - Browser is opened with url: ''

16-01-2024T15:34:39 - [TEST_STEP][PASSED] - navigateToUrl("https://www.yahoo.com/"): Navigate to 'https://www.yahoo.com/' successfully

16-01-2024T15:34:41 - [MESSAGE][PASSED] - Navigate to 'https://www.yahoo.com/' successfully

16-01-2024T15:34:41 - [TEST_STEP][PASSED] - setText(findTestObject("Object Repository/Page_Yahoo  Mail, Weather, Search, Politics_802e32/input_p"), "pbru"): Text 'pbru' is set on object 'Object Repository/Page_Yahoo  Mail, Weather, Search, Politics_802e32/input_p'

16-01-2024T15:34:43 - [MESSAGE][PASSED] - Text 'pbru' is set on object 'Object Repository/Page_Yahoo  Mail, Weather, Search, Politics_802e32/input_p'

16-01-2024T15:34:43 - [TEST_STEP][PASSED] - click(findTestObject("Object Repository/Page_Yahoo  Mail, Weather, Search, Politics_802e32/buttonybar-search")): Object: 'Object Repository/Page_Yahoo  Mail, Weather, Search, Politics_802e32/buttonybar-search' is clicked on

16-01-2024T15:34:44 - [MESSAGE][PASSED] - Object: 'Object Repository/Page_Yahoo  Mail, Weather, Search, Politics_802e32/buttonybar-search' is clicked on

16-01-2024T15:34:44 - [TEST_STEP][PASSED] - verifyTextPresent("มหาวิทยาลัยราชภัฏเพชรบุรี", false): Text 'มหาวิทยาลัยราชภัฏเพชรบุรี' is present on page 

16-01-2024T15:34:46 - [MESSAGE][PASSED] - Text 'มหาวิทยาลัยราชภัฏเพชรบุรี' is present on page 

16-01-2024T15:34:46 - [TEST_STEP][PASSED] - closeBrowser(): Browser is closed

16-01-2024T15:34:46 - [MESSAGE][PASSED] - Browser is closed]]></system-out>
         <system-err><![CDATA[]]></system-err>
      </testcase>
      <testcase name="Test Cases/UC01 - Search By Keyword/TC0102 - Search By Keyword - KRU" time="30.116" classname="Test Cases/UC01 - Search By Keyword/TC0102 - Search By Keyword - KRU" status="PASSED">
         <system-out><![CDATA[16-01-2024T15:34:46 - [TEST_CASE][PASSED] - Test Cases/UC01 - Search By Keyword/TC0102 - Search By Keyword - KRU: Test Cases/UC01 - Search By Keyword/TC0102 - Search By Keyword - KRU

16-01-2024T15:34:47 - [TEST_STEP][PASSED] - openBrowser(""): Browser is opened with url: ''

16-01-2024T15:34:47 - [MESSAGE][INFO] - Starting 'Chrome' driver

16-01-2024T15:34:47 - [MESSAGE][INFO] - Action delay is set to 0 milliseconds

16-01-2024T15:34:47 - [MESSAGE][PASSED] - Browser is opened with url: ''

16-01-2024T15:34:47 - [TEST_STEP][PASSED] - navigateToUrl("https://www.yahoo.com/"): Navigate to 'https://www.yahoo.com/' successfully

16-01-2024T15:35:11 - [MESSAGE][PASSED] - Navigate to 'https://www.yahoo.com/' successfully

16-01-2024T15:35:11 - [TEST_STEP][PASSED] - setText(findTestObject("Page_Yahoo  Mail, Weather, Search, Politics_802e32/input_p"), "Kru University"): Text 'Kru University' is set on object 'Object Repository/Page_Yahoo  Mail, Weather, Search, Politics_802e32/input_p'

16-01-2024T15:35:13 - [MESSAGE][PASSED] - Text 'Kru University' is set on object 'Object Repository/Page_Yahoo  Mail, Weather, Search, Politics_802e32/input_p'

16-01-2024T15:35:13 - [TEST_STEP][PASSED] - click(findTestObject("Object Repository/Page_Yahoo  Mail, Weather, Search, Politics_802e32/buttonybar-search")): Object: 'Object Repository/Page_Yahoo  Mail, Weather, Search, Politics_802e32/buttonybar-search' is clicked on

16-01-2024T15:35:14 - [MESSAGE][PASSED] - Object: 'Object Repository/Page_Yahoo  Mail, Weather, Search, Politics_802e32/buttonybar-search' is clicked on

16-01-2024T15:35:14 - [TEST_STEP][PASSED] - verifyTextPresent("มหาวิทยาลัยราชภัฏกาญจนบุรี", false): Text 'มหาวิทยาลัยราชภัฏกาญจนบุรี' is present on page 

16-01-2024T15:35:16 - [MESSAGE][PASSED] - Text 'มหาวิทยาลัยราชภัฏกาญจนบุรี' is present on page 

16-01-2024T15:35:16 - [TEST_STEP][PASSED] - closeBrowser(): Browser is closed

16-01-2024T15:35:17 - [MESSAGE][PASSED] - Browser is closed]]></system-out>
         <system-err><![CDATA[]]></system-err>
      </testcase>
      <testcase name="Test Cases/UC01 - Search By Keyword/TC0101 - Search By Keyword - npru" time="29.953" classname="Test Cases/UC01 - Search By Keyword/TC0101 - Search By Keyword - npru" status="PASSED">
         <system-out><![CDATA[16-01-2024T15:35:17 - [TEST_CASE][PASSED] - Test Cases/UC01 - Search By Keyword/TC0101 - Search By Keyword - npru: Test Cases/UC01 - Search By Keyword/TC0101 - Search By Keyword - npru

16-01-2024T15:35:17 - [TEST_STEP][PASSED] - openBrowser(""): Browser is opened with url: ''

16-01-2024T15:35:17 - [MESSAGE][INFO] - Starting 'Chrome' driver

16-01-2024T15:35:17 - [MESSAGE][INFO] - Action delay is set to 0 milliseconds

16-01-2024T15:35:17 - [MESSAGE][PASSED] - Browser is opened with url: ''

16-01-2024T15:35:17 - [TEST_STEP][PASSED] - navigateToUrl("https://www.yahoo.com/"): Navigate to 'https://www.yahoo.com/' successfully

16-01-2024T15:35:41 - [MESSAGE][PASSED] - Navigate to 'https://www.yahoo.com/' successfully

16-01-2024T15:35:41 - [TEST_STEP][PASSED] - setText(findTestObject("Object Repository/Page_Yahoo  Mail, Weather, Search, Politics_802e32/input_p"), "npru"): Text 'npru' is set on object 'Object Repository/Page_Yahoo  Mail, Weather, Search, Politics_802e32/input_p'

16-01-2024T15:35:44 - [MESSAGE][PASSED] - Text 'npru' is set on object 'Object Repository/Page_Yahoo  Mail, Weather, Search, Politics_802e32/input_p'

16-01-2024T15:35:44 - [TEST_STEP][PASSED] - click(findTestObject("Object Repository/Page_Yahoo  Mail, Weather, Search, Politics_802e32/buttonybar-search")): Object: 'Object Repository/Page_Yahoo  Mail, Weather, Search, Politics_802e32/buttonybar-search' is clicked on

16-01-2024T15:35:44 - [MESSAGE][PASSED] - Object: 'Object Repository/Page_Yahoo  Mail, Weather, Search, Politics_802e32/buttonybar-search' is clicked on

16-01-2024T15:35:44 - [TEST_STEP][PASSED] - verifyTextPresent("มหาวิทยาลัยราชภัฏนครปฐม", false): Text 'มหาวิทยาลัยราชภัฏนครปฐม' is present on page 

16-01-2024T15:35:46 - [MESSAGE][PASSED] - Text 'มหาวิทยาลัยราชภัฏนครปฐม' is present on page 

16-01-2024T15:35:46 - [TEST_STEP][PASSED] - closeBrowser(): Browser is closed

16-01-2024T15:35:47 - [MESSAGE][PASSED] - Browser is closed]]></system-out>
         <system-err><![CDATA[]]></system-err>
      </testcase>
      <system-out><![CDATA[16-01-2024T15:34:37 - [TEST_SUITE][PASSED] - Test Search By keyword: Test Cases/UC01 - Search By Keyword/TC0101 - Search By Keyword - npru]]></system-out>
      <system-err><![CDATA[]]></system-err>
   </testsuite>
</testsuites>
