<?xml version="1.0" encoding="UTF-8"?>
<testsuites name="Test Search By keyword" time="45.676" tests="3" failures="0" errors="0">
   <testsuite name="Test Search By keyword" tests="3" failures="0" errors="0" time="45.676" skipped="0" timestamp="16-01-2024T15:08:20" hostname="Administrator - 10.53.16.108" id="Test Suites/Test Search By keyword">
      <properties>
         <property name="deviceName" value=""/>
         <property name="devicePlatform" value=""/>
         <property name="logFolder" value="C:\\Users\\Administrator\\Katalon Studio\\My First Web UI Project\\Reports\\25670116_150812\\Test Search By keyword\\25670116_150812"/>
         <property name="logFiles" value="C:\\Users\\Administrator\\Katalon Studio\\My First Web UI Project\\Reports\\25670116_150812\\Test Search By keyword\\25670116_150812\\execution0.log"/>
         <property name="attachments" value=""/>
         <property name="hostName" value="Administrator - 10.53.16.108"/>
         <property name="os" value="Windows 10 64bit"/>
         <property name="katalonVersion" value="9.2.0.212"/>
         <property name="browser" value="Chrome 120.0.0.0"/>
         <property name="hostAddress" value="10.53.16.108"/>
         <property name="sessionId" value="6669845d2a19035d1149a8f0e24bb4cc"/>
         <property name="seleniumVersion" value="3.141.59"/>
         <property name="proxyInformation" value="ProxyInformation { proxyOption=NO_PROXY, proxyServerType=HTTP, username=, password=********, proxyServerAddress=, proxyServerPort=0, executionList=&quot;&quot;, isApplyToDesiredCapabilities=true }"/>
         <property name="platform" value="Windows 10"/>
      </properties>
      <testcase name="Test Cases/UC01 - Search By Keyword/Search By Keyword - PBRU" time="9.647" classname="Test Cases/UC01 - Search By Keyword/Search By Keyword - PBRU" status="PASSED">
         <system-out><![CDATA[16-01-2024T15:08:20 - [TEST_CASE][PASSED] - Test Cases/UC01 - Search By Keyword/Search By Keyword - PBRU: Test Cases/UC01 - Search By Keyword/Search By Keyword - PBRU

16-01-2024T15:08:20 - [TEST_STEP][PASSED] - openBrowser(""): Browser is opened with url: ''

16-01-2024T15:08:21 - [MESSAGE][INFO] - Starting 'Chrome' driver

16-01-2024T15:08:21 - [MESSAGE][INFO] - Action delay is set to 0 milliseconds

16-01-2024T15:08:22 - [MESSAGE][PASSED] - Browser is opened with url: ''

16-01-2024T15:08:22 - [TEST_STEP][PASSED] - navigateToUrl("https://www.yahoo.com/"): Navigate to 'https://www.yahoo.com/' successfully

16-01-2024T15:08:24 - [MESSAGE][PASSED] - Navigate to 'https://www.yahoo.com/' successfully

16-01-2024T15:08:24 - [TEST_STEP][PASSED] - setText(findTestObject("Object Repository/Page_Yahoo  Mail, Weather, Search, Politics_802e32/input_p"), "npru"): Text 'npru' is set on object 'Object Repository/Page_Yahoo  Mail, Weather, Search, Politics_802e32/input_p'

16-01-2024T15:08:26 - [MESSAGE][PASSED] - Text 'npru' is set on object 'Object Repository/Page_Yahoo  Mail, Weather, Search, Politics_802e32/input_p'

16-01-2024T15:08:26 - [TEST_STEP][PASSED] - click(findTestObject("Object Repository/Page_Yahoo  Mail, Weather, Search, Politics_802e32/buttonybar-search")): Object: 'Object Repository/Page_Yahoo  Mail, Weather, Search, Politics_802e32/buttonybar-search' is clicked on

16-01-2024T15:08:27 - [MESSAGE][PASSED] - Object: 'Object Repository/Page_Yahoo  Mail, Weather, Search, Politics_802e32/buttonybar-search' is clicked on

16-01-2024T15:08:27 - [TEST_STEP][PASSED] - verifyTextPresent("มหาวิทยาลัยราชภัฏนครปฐม", false): Text 'มหาวิทยาลัยราชภัฏนครปฐม' is present on page 

16-01-2024T15:08:30 - [MESSAGE][PASSED] - Text 'มหาวิทยาลัยราชภัฏนครปฐม' is present on page 

16-01-2024T15:08:30 - [TEST_STEP][PASSED] - closeBrowser(): Browser is closed

16-01-2024T15:08:30 - [MESSAGE][PASSED] - Browser is closed]]></system-out>
         <system-err><![CDATA[]]></system-err>
      </testcase>
      <testcase name="Test Cases/UC01 - Search By Keyword/Search By Keyword KRU" time="8.055" classname="Test Cases/UC01 - Search By Keyword/Search By Keyword KRU" status="PASSED">
         <system-out><![CDATA[16-01-2024T15:08:30 - [TEST_CASE][PASSED] - Test Cases/UC01 - Search By Keyword/Search By Keyword KRU: Test Cases/UC01 - Search By Keyword/Search By Keyword KRU

16-01-2024T15:08:30 - [TEST_STEP][PASSED] - openBrowser(""): Browser is opened with url: ''

16-01-2024T15:08:30 - [MESSAGE][INFO] - Starting 'Chrome' driver

16-01-2024T15:08:30 - [MESSAGE][INFO] - Action delay is set to 0 milliseconds

16-01-2024T15:08:30 - [MESSAGE][PASSED] - Browser is opened with url: ''

16-01-2024T15:08:30 - [TEST_STEP][PASSED] - navigateToUrl("https://www.yahoo.com/"): Navigate to 'https://www.yahoo.com/' successfully

16-01-2024T15:08:32 - [MESSAGE][PASSED] - Navigate to 'https://www.yahoo.com/' successfully

16-01-2024T15:08:32 - [TEST_STEP][PASSED] - setText(findTestObject("Page_Yahoo  Mail, Weather, Search, Politics_802e32/input_p"), "Kru University"): Text 'Kru University' is set on object 'Object Repository/Page_Yahoo  Mail, Weather, Search, Politics_802e32/input_p'

16-01-2024T15:08:34 - [MESSAGE][PASSED] - Text 'Kru University' is set on object 'Object Repository/Page_Yahoo  Mail, Weather, Search, Politics_802e32/input_p'

16-01-2024T15:08:34 - [TEST_STEP][PASSED] - click(findTestObject("Object Repository/Page_Yahoo  Mail, Weather, Search, Politics_802e32/buttonybar-search")): Object: 'Object Repository/Page_Yahoo  Mail, Weather, Search, Politics_802e32/buttonybar-search' is clicked on

16-01-2024T15:08:35 - [MESSAGE][PASSED] - Object: 'Object Repository/Page_Yahoo  Mail, Weather, Search, Politics_802e32/buttonybar-search' is clicked on

16-01-2024T15:08:35 - [TEST_STEP][PASSED] - verifyTextPresent("มหาวิทยาลัยราชภัฏกาญจนบุรี", false): Text 'มหาวิทยาลัยราชภัฏกาญจนบุรี' is present on page 

16-01-2024T15:08:38 - [MESSAGE][PASSED] - Text 'มหาวิทยาลัยราชภัฏกาญจนบุรี' is present on page 

16-01-2024T15:08:38 - [TEST_STEP][PASSED] - closeBrowser(): Browser is closed

16-01-2024T15:08:38 - [MESSAGE][PASSED] - Browser is closed]]></system-out>
         <system-err><![CDATA[]]></system-err>
      </testcase>
      <testcase name="Test Cases/UC01 - Search By Keyword/Search By Keyword" time="27.824" classname="Test Cases/UC01 - Search By Keyword/Search By Keyword" status="PASSED">
         <system-out><![CDATA[16-01-2024T15:08:38 - [TEST_CASE][PASSED] - Test Cases/UC01 - Search By Keyword/Search By Keyword: Test Cases/UC01 - Search By Keyword/Search By Keyword

16-01-2024T15:08:38 - [TEST_STEP][PASSED] - openBrowser(""): Browser is opened with url: ''

16-01-2024T15:08:38 - [MESSAGE][INFO] - Starting 'Chrome' driver

16-01-2024T15:08:38 - [MESSAGE][INFO] - Action delay is set to 0 milliseconds

16-01-2024T15:08:38 - [MESSAGE][PASSED] - Browser is opened with url: ''

16-01-2024T15:08:38 - [TEST_STEP][PASSED] - navigateToUrl("https://www.yahoo.com/"): Navigate to 'https://www.yahoo.com/' successfully

16-01-2024T15:09:01 - [MESSAGE][PASSED] - Navigate to 'https://www.yahoo.com/' successfully

16-01-2024T15:09:01 - [TEST_STEP][PASSED] - setText(findTestObject("Object Repository/Page_Yahoo  Mail, Weather, Search, Politics_802e32/input_p"), "npru"): Text 'npru' is set on object 'Object Repository/Page_Yahoo  Mail, Weather, Search, Politics_802e32/input_p'

16-01-2024T15:09:03 - [MESSAGE][PASSED] - Text 'npru' is set on object 'Object Repository/Page_Yahoo  Mail, Weather, Search, Politics_802e32/input_p'

16-01-2024T15:09:03 - [TEST_STEP][PASSED] - click(findTestObject("Object Repository/Page_Yahoo  Mail, Weather, Search, Politics_802e32/buttonybar-search")): Object: 'Object Repository/Page_Yahoo  Mail, Weather, Search, Politics_802e32/buttonybar-search' is clicked on

16-01-2024T15:09:03 - [MESSAGE][PASSED] - Object: 'Object Repository/Page_Yahoo  Mail, Weather, Search, Politics_802e32/buttonybar-search' is clicked on

16-01-2024T15:09:03 - [TEST_STEP][PASSED] - verifyTextPresent("มหาวิทยาลัยราชภัฏนครปฐม", false): Text 'มหาวิทยาลัยราชภัฏนครปฐม' is present on page 

16-01-2024T15:09:06 - [MESSAGE][PASSED] - Text 'มหาวิทยาลัยราชภัฏนครปฐม' is present on page 

16-01-2024T15:09:06 - [TEST_STEP][PASSED] - closeBrowser(): Browser is closed

16-01-2024T15:09:06 - [MESSAGE][PASSED] - Browser is closed]]></system-out>
         <system-err><![CDATA[]]></system-err>
      </testcase>
      <system-out><![CDATA[16-01-2024T15:08:20 - [TEST_SUITE][PASSED] - Test Search By keyword: Test Cases/UC01 - Search By Keyword/Search By Keyword]]></system-out>
      <system-err><![CDATA[]]></system-err>
   </testsuite>
</testsuites>
